<?xml version="1.0" encoding="UTF-8"?>
<!-- Generated by org.testng.reporters.JUnitReportReporter -->
<testsuite skipped="0" hostname="LGDN14666-W10" name="railway.TC16_CancelTicket" tests="1" failures="0" timestamp="2021-02-01T14:38:49 ICT" time="11.055" errors="0">
  <testcase name="TC16" time="11.055" classname="railway.TC16_CancelTicket"/>
  <system-out/>
</testsuite> <!-- railway.TC16_CancelTicket -->
