<?xml version="1.0" encoding="UTF-8"?>
<!-- Generated by org.testng.reporters.JUnitReportReporter -->
<testsuite skipped="0" hostname="LGDN14666-W10" name="railway.TC04_ContactEmailContainsCorrectHref" tests="1" failures="0" timestamp="2021-02-01T14:38:49 ICT" time="1.183" errors="0">
  <testcase name="TC04" time="1.183" classname="railway.TC04_ContactEmailContainsCorrectHref"/>
  <system-out/>
</testsuite> <!-- railway.TC04_ContactEmailContainsCorrectHref -->
