<?xml version="1.0" encoding="UTF-8"?>
<!-- Generated by org.testng.reporters.JUnitReportReporter -->
<testsuite skipped="0" hostname="LGDN14666-W10" name="railway.TC10_ResetPasswordWithIncorrectEmail" tests="1" failures="0" timestamp="2021-02-01T14:38:49 ICT" time="2.878" errors="0">
  <testcase name="TC10" time="2.878" classname="railway.TC10_ResetPasswordWithIncorrectEmail"/>
  <system-out/>
</testsuite> <!-- railway.TC10_ResetPasswordWithIncorrectEmail -->
