<?xml version="1.0" encoding="UTF-8"?>
<!-- Generated by org.testng.reporters.JUnitReportReporter -->
<testsuite skipped="0" hostname="LGDN14666-W10" name="railway.BookingTest" tests="1" failures="0" timestamp="2021-01-22T17:17:39 ICT" time="6.982" errors="0">
  <testcase name="TC14" time="6.982" classname="railway.BookingTest"/>
  <system-out/>
</testsuite> <!-- railway.BookingTest -->
