<?xml version="1.0" encoding="UTF-8"?>
<!-- Generated by org.testng.reporters.JUnitReportReporter -->
<testsuite skipped="0" hostname="LGDN14666-W10" name="railway.TC03_LoginWithInvalidPassword" tests="1" failures="0" timestamp="2021-02-01T14:38:49 ICT" time="2.209" errors="0">
  <testcase name="TC03" time="2.209" classname="railway.TC03_LoginWithInvalidPassword"/>
  <system-out/>
</testsuite> <!-- railway.TC03_LoginWithInvalidPassword -->
