<?xml version="1.0" encoding="UTF-8"?>
<!-- Generated by org.testng.reporters.JUnitReportReporter -->
<testsuite skipped="0" hostname="LGDN14666-W10" name="railway.TC06_AdditionalPagesDisplayAfterLogin" tests="1" failures="0" timestamp="2021-02-01T14:38:49 ICT" time="2.716" errors="0">
  <testcase name="TC06" time="2.716" classname="railway.TC06_AdditionalPagesDisplayAfterLogin"/>
  <system-out/>
</testsuite> <!-- railway.TC06_AdditionalPagesDisplayAfterLogin -->
