<?xml version="1.0" encoding="UTF-8"?>
<!-- Generated by org.testng.reporters.JUnitReportReporter -->
<testsuite skipped="0" hostname="LGDN14666-W10" name="railway.TC14_BookMore10Ticket" tests="1" failures="0" timestamp="2021-02-01T14:38:49 ICT" time="13.735" errors="0">
  <testcase name="TC14" time="13.735" classname="railway.TC14_BookMore10Ticket"/>
  <system-out/>
</testsuite> <!-- railway.TC14_BookMore10Ticket -->
