<?xml version="1.0" encoding="UTF-8"?>
<!-- Generated by org.testng.reporters.JUnitReportReporter -->
<testsuite skipped="0" hostname="LGDN14666-W10" name="railway.TC01_LoginWithValidAccount" tests="1" failures="0" timestamp="2021-02-01T14:38:49 ICT" time="2.893" errors="0">
  <testcase name="TC01" time="2.893" classname="railway.TC01_LoginWithValidAccount"/>
  <system-out/>
</testsuite> <!-- railway.TC01_LoginWithValidAccount -->
