<?xml version="1.0" encoding="UTF-8"?>
<!-- Generated by org.testng.reporters.JUnitReportReporter -->
<testsuite skipped="0" hostname="LGDN14666-W10" name="railway.TC15_GotoBookTicketPageFromTicketPricePage" tests="1" failures="0" timestamp="2021-02-01T14:38:49 ICT" time="5.455" errors="0">
  <testcase name="TC15" time="5.455" classname="railway.TC15_GotoBookTicketPageFromTicketPricePage"/>
  <system-out/>
</testsuite> <!-- railway.TC15_GotoBookTicketPageFromTicketPricePage -->
